2023-02-23 21:55:05,786 - INFO - Reading from file
2023-02-23 21:55:05,787 - INFO - Changing column name index to indx
2023-02-23 21:55:05,788 - INFO - Converting string datatype to int and float....
2023-02-23 21:55:05,788 - INFO - Data successfuly converted
2023-02-23 21:55:05,789 - INFO - Creating table....
2023-02-23 21:55:05,843 - ERROR - 1050 (42S01): Table 'glass' already exists
2023-02-23 21:55:05,844 - INFO - Trying to insert data into Database....
2023-02-23 21:55:05,901 - INFO - Successfuly populated table
2023-02-23 22:02:40,546 - INFO - Reading from file
2023-02-23 22:02:40,546 - INFO - Changing column name index to indx
2023-02-23 22:02:40,547 - INFO - Converting string datatype to int and float....
2023-02-23 22:02:40,547 - INFO - Data successfuly converted
2023-02-23 22:02:40,547 - INFO - Creating table....
2023-02-23 22:02:40,604 - ERROR - 1050 (42S01): Table 'glass' already exists
2023-02-23 22:02:40,606 - INFO - Trying to update data in database....
2023-02-23 22:02:40,630 - INFO - Succesfully updated database entry
2023-02-23 22:05:01,190 - INFO - Reading from file
2023-02-23 22:05:01,191 - INFO - Changing column name index to indx
2023-02-23 22:05:01,191 - INFO - Converting string datatype to int and float....
2023-02-23 22:05:01,192 - INFO - Data successfuly converted
2023-02-23 22:05:01,192 - INFO - Creating table....
2023-02-23 22:05:01,240 - ERROR - 1050 (42S01): Table 'glass' already exists
2023-02-23 22:05:01,241 - INFO - Trying to delete data from database....
2023-02-23 22:05:01,264 - INFO - Succesfully deleted record from table
